<?xml version="1.0" encoding="UTF-8"?>
<testng-results skipped="0" failed="0" total="1" passed="1">
  <reporter-output>
  </reporter-output>
  <suite name="Default suite" duration-ms="22603" started-at="2023-08-29T04:54:21Z" finished-at="2023-08-29T04:54:44Z">
    <groups>
    </groups>
    <test name="Default test" duration-ms="22603" started-at="2023-08-29T04:54:21Z" finished-at="2023-08-29T04:54:44Z">
      <class name="Appium.FISA_B.Login">
        <test-method status="PASS" signature="ConfigureAppium()[pri:0, instance:Appium.FISA_B.Login@210366b4]" name="ConfigureAppium" is-config="true" duration-ms="11159" started-at="2023-08-29T10:24:10Z" finished-at="2023-08-29T10:24:21Z">
          <reporter-output>
          </reporter-output>
        </test-method> <!-- ConfigureAppium -->
        <test-method status="PASS" signature="FisaLogin()[pri:0, instance:Appium.FISA_B.Login@210366b4]" name="FisaLogin" duration-ms="22561" started-at="2023-08-29T10:24:21Z" finished-at="2023-08-29T10:24:44Z">
          <reporter-output>
          </reporter-output>
        </test-method> <!-- FisaLogin -->
      </class> <!-- Appium.FISA_B.Login -->
    </test> <!-- Default test -->
  </suite> <!-- Default suite -->
</testng-results>
